{"level":"error","msg":"[C:/Users/User/go/src/github.com/Etpmls/EM-CMS/src/application/client/attachment.go:58 =\u003e Message: rpc error: code = InvalidArgument desc = {\"code\":\"400000\",\"status\":\"error\",\"message\":\"Validation failedError: Key: 'validate_AttachmentCreateMany.Paths' Error:Field validation for 'Paths' failed on the 'required' tag\"}]","time":"2020-12-28T16:07:57+08:00"}
{"level":"error","msg":"[C:/Users/User/go/src/github.com/Etpmls/EM-CMS/src/application/client/attachment.go:58 =\u003e Message: rpc error: code = InvalidArgument desc = {\"code\":\"400000\",\"status\":\"error\",\"message\":\"Create failed!Error: ERROR: column \\\"paths\\\" of relation \\\"etp_attachments\\\" does not exist (SQLSTATE 42703)\"}]","time":"2020-12-28T16:50:30+08:00"}
{"level":"error","msg":"[C:/Users/User/go/src/github.com/Etpmls/EM-CMS/src/application/client/attachment.go:58 =\u003e Message: rpc error: code = InvalidArgument desc = {\"code\":\"400000\",\"status\":\"error\",\"message\":\"Create failed!Error: ERROR: column \\\"paths\\\" of relation \\\"etp_attachments\\\" does not exist (SQLSTATE 42703)\"}]","time":"2020-12-28T16:50:44+08:00"}
{"level":"error","msg":"[C:/Users/User/go/src/github.com/Etpmls/EM-CMS/src/application/client/attachment.go:58 =\u003e Message: rpc error: code = InvalidArgument desc = {\"code\":\"400000\",\"status\":\"error\",\"message\":\"Validation failedError: Key: 'validate_AttachmentCreateMany.Paths' Error:Field validation for 'Paths' failed on the 'required' tag\"}]","time":"2020-12-29T08:11:41+08:00"}
{"level":"error","msg":"[C:/Users/User/go/src/github.com/Etpmls/EM-CMS/src/application/client/attachment.go:58 =\u003e Message: rpc error: code = InvalidArgument desc = {\"code\":\"400000\",\"status\":\"error\",\"message\":\"Validation failedError: Key: 'validate_AttachmentCreateMany.Paths' Error:Field validation for 'Paths' failed on the 'required' tag\"}]","time":"2020-12-29T08:12:07+08:00"}
{"level":"error","msg":"[C:/Users/User/go/src/github.com/Etpmls/EM-CMS/src/application/client/attachment.go:58 =\u003e Message: rpc error: code = InvalidArgument desc = {\"code\":\"400000\",\"status\":\"error\",\"message\":\"Validation failedError: Key: 'validate_AttachmentCreateMany.Paths' Error:Field validation for 'Paths' failed on the 'required' tag\"}]","time":"2020-12-29T08:12:34+08:00"}
{"level":"error","msg":"[C:/Users/User/go/src/github.com/Etpmls/EM-CMS/src/application/client/attachment.go:58 =\u003e Message: rpc error: code = InvalidArgument desc = {\"code\":\"400000\",\"status\":\"error\",\"message\":\"Validation failedError: Key: 'validate_AttachmentCreateMany.Paths' Error:Field validation for 'Paths' failed on the 'required' tag\"}]","time":"2020-12-29T08:16:32+08:00"}
{"level":"error","msg":"[C:/Users/User/go/src/github.com/Etpmls/EM-CMS/src/application/client/attachment.go:58 =\u003e Message: rpc error: code = InvalidArgument desc = {\"code\":\"400000\",\"status\":\"error\",\"message\":\"Validation failedError: Key: 'validate_AttachmentCreateMany.Paths' Error:Field validation for 'Paths' failed on the 'required' tag\"}]","time":"2020-12-29T08:21:36+08:00"}
{"level":"error","msg":"[C:/Users/User/go/src/github.com/Etpmls/EM-CMS/src/application/client/attachment.go:58 =\u003e Message: rpc error: code = InvalidArgument desc = {\"code\":\"400000\",\"status\":\"error\",\"message\":\"Validation failedError: Key: 'validate_AttachmentCreateMany.Paths' Error:Field validation for 'Paths' failed on the 'required' tag\"}]","time":"2020-12-29T08:26:04+08:00"}
{"level":"warning","msg":"[C:/Users/User/go/pkg/mod/github.com/afex/hystrix-go@v0.0.0-20180502004556-fa1af6a1f4f5/hystrix/hystrix.go:204 =\u003e C:/Users/User/go/pkg/mod/github.com/afex/hystrix-go@v0.0.0-20180502004556-fa1af6a1f4f5/hystrix/hystrix.go:221 =\u003e C:/Users/User/go/pkg/mod/github.com/afex/hystrix-go@v0.0.0-20180502004556-fa1af6a1f4f5/hystrix/hystrix.go:160 =\u003e C:/Go/src/runtime/asm_amd64.s:1357 =\u003e Message: Run failed!]","time":"2020-12-29T09:07:23+08:00"}
{"level":"warning","msg":"[C:/Users/User/go/pkg/mod/github.com/afex/hystrix-go@v0.0.0-20180502004556-fa1af6a1f4f5/hystrix/hystrix.go:204 =\u003e C:/Users/User/go/pkg/mod/github.com/afex/hystrix-go@v0.0.0-20180502004556-fa1af6a1f4f5/hystrix/hystrix.go:221 =\u003e C:/Users/User/go/pkg/mod/github.com/afex/hystrix-go@v0.0.0-20180502004556-fa1af6a1f4f5/hystrix/hystrix.go:160 =\u003e C:/Go/src/runtime/asm_amd64.s:1357 =\u003e Message: Run failed!]","time":"2020-12-29T09:08:00+08:00"}
{"level":"warning","msg":"[C:/Users/User/go/pkg/mod/github.com/afex/hystrix-go@v0.0.0-20180502004556-fa1af6a1f4f5/hystrix/hystrix.go:204 =\u003e C:/Users/User/go/pkg/mod/github.com/afex/hystrix-go@v0.0.0-20180502004556-fa1af6a1f4f5/hystrix/hystrix.go:221 =\u003e C:/Users/User/go/pkg/mod/github.com/afex/hystrix-go@v0.0.0-20180502004556-fa1af6a1f4f5/hystrix/hystrix.go:160 =\u003e C:/Go/src/runtime/asm_amd64.s:1357 =\u003e Message: Run failed!]","time":"2020-12-29T09:18:24+08:00"}
{"level":"warning","msg":"[C:/Users/User/go/pkg/mod/github.com/afex/hystrix-go@v0.0.0-20180502004556-fa1af6a1f4f5/hystrix/hystrix.go:204 =\u003e C:/Users/User/go/pkg/mod/github.com/afex/hystrix-go@v0.0.0-20180502004556-fa1af6a1f4f5/hystrix/hystrix.go:221 =\u003e C:/Users/User/go/pkg/mod/github.com/afex/hystrix-go@v0.0.0-20180502004556-fa1af6a1f4f5/hystrix/hystrix.go:160 =\u003e C:/Go/src/runtime/asm_amd64.s:1357 =\u003e Message: Run failed!]","time":"2020-12-29T09:18:32+08:00"}
{"level":"warning","msg":"[C:/Users/User/go/pkg/mod/github.com/afex/hystrix-go@v0.0.0-20180502004556-fa1af6a1f4f5/hystrix/hystrix.go:204 =\u003e C:/Users/User/go/pkg/mod/github.com/afex/hystrix-go@v0.0.0-20180502004556-fa1af6a1f4f5/hystrix/hystrix.go:221 =\u003e C:/Users/User/go/pkg/mod/github.com/afex/hystrix-go@v0.0.0-20180502004556-fa1af6a1f4f5/hystrix/hystrix.go:160 =\u003e C:/Go/src/runtime/asm_amd64.s:1357 =\u003e Message: Run failed!]","time":"2020-12-29T14:39:35+08:00"}
{"level":"warning","msg":"[C:/Users/User/go/src/github.com/Etpmls/Etpmls-Micro/client.go:114 =\u003e C:/Users/User/go/pkg/mod/github.com/afex/hystrix-go@v0.0.0-20180502004556-fa1af6a1f4f5/hystrix/hystrix.go:204 =\u003e C:/Users/User/go/pkg/mod/github.com/afex/hystrix-go@v0.0.0-20180502004556-fa1af6a1f4f5/hystrix/hystrix.go:221 =\u003e C:/Users/User/go/pkg/mod/github.com/afex/hystrix-go@v0.0.0-20180502004556-fa1af6a1f4f5/hystrix/hystrix.go:160 =\u003e C:/Go/src/runtime/asm_amd64.s:1357 =\u003e Message: Run failed!]","time":"2020-12-29T14:45:40+08:00"}
{"level":"warning","msg":"[C:/Users/User/go/src/github.com/Etpmls/Etpmls-Micro/client.go:114 =\u003e Message:  Run failed!]","time":"2020-12-29T14:48:35+08:00"}
{"level":"warning","msg":"[C:/Users/User/go/src/github.com/Etpmls/Etpmls-Micro/client.go:114 =\u003e Message:  Run failed!]","time":"2020-12-29T15:07:51+08:00"}
{"level":"warning","msg":"[C:/Users/User/go/src/github.com/Etpmls/Etpmls-Micro/client.go:114 =\u003e C:/Users/User/go/pkg/mod/github.com/afex/hystrix-go@v0.0.0-20180502004556-fa1af6a1f4f5/hystrix/hystrix.go:204 =\u003e C:/Users/User/go/pkg/mod/github.com/afex/hystrix-go@v0.0.0-20180502004556-fa1af6a1f4f5/hystrix/hystrix.go:221 =\u003e C:/Users/User/go/pkg/mod/github.com/afex/hystrix-go@v0.0.0-20180502004556-fa1af6a1f4f5/hystrix/hystrix.go:160 =\u003e C:/Go/src/runtime/asm_amd64.s:1357 =\u003e Message:  Run failed!]","time":"2020-12-29T15:11:19+08:00"}
{"level":"warning","msg":"[C:/Users/User/go/src/github.com/Etpmls/EM-CMS/src/application/client/attachment.go:67 =\u003e Message:  rpc error: code = InvalidArgument desc = {\"code\":\"400000\",\"status\":\"error\",\"message\":\"Validation failedError: Key: 'validate_AttachmentGetMany.OwnerID' Error:Field validation for 'OwnerID' failed on the 'required' tag\"}]","time":"2020-12-29T15:11:19+08:00"}
{"level":"warning","msg":"[C:/Users/User/go/src/github.com/Etpmls/Etpmls-Micro/client.go:114 =\u003e Message:  Run failed!]","time":"2021-01-04T20:32:20+08:00"}
{"level":"warning","msg":"[C:/Users/User/go/src/github.com/Etpmls/Etpmls-Micro/client.go:114 =\u003e Message:  Run failed!]","time":"2021-01-04T20:32:22+08:00"}
{"level":"warning","msg":"[C:/Users/User/go/src/github.com/Etpmls/Etpmls-Micro/client.go:114 =\u003e Message:  Run failed!]","time":"2021-01-04T20:36:57+08:00"}
{"level":"warning","msg":"[C:/Users/User/go/src/github.com/Etpmls/Etpmls-Micro/client.go:114 =\u003e Message:  Run failed!]","time":"2021-01-04T20:37:00+08:00"}
{"level":"warning","msg":"[C:/Users/User/go/src/github.com/Etpmls/Etpmls-Micro/client.go:114 =\u003e Message:  Run failed! rpc error: code = Canceled desc = context canceled]","time":"2021-01-04T20:38:02+08:00"}
{"level":"warning","msg":"[C:/Users/User/go/src/github.com/Etpmls/Etpmls-Micro/client.go:114 =\u003e Message:  Run failed! rpc error: code = Unavailable desc = transport is closing]","time":"2021-01-04T20:44:17+08:00"}
{"level":"warning","msg":"[C:/Users/User/go/pkg/mod/github.com/afex/hystrix-go@v0.0.0-20180502004556-fa1af6a1f4f5/hystrix/hystrix.go:204 =\u003e Message: 22222222222]","time":"2021-01-04T20:44:17+08:00"}
{"level":"warning","msg":"[C:/Users/User/go/src/github.com/Etpmls/Etpmls-Micro/client.go:114 =\u003e Message:  Run failed! rpc error: code = Unavailable desc = transport is closing]","time":"2021-01-04T20:45:18+08:00"}
{"level":"warning","msg":"[C:/Users/User/go/src/github.com/Etpmls/Etpmls-Micro/client.go:115 =\u003e C:/Users/User/go/pkg/mod/github.com/afex/hystrix-go@v0.0.0-20180502004556-fa1af6a1f4f5/hystrix/hystrix.go:204 =\u003e C:/Users/User/go/pkg/mod/github.com/afex/hystrix-go@v0.0.0-20180502004556-fa1af6a1f4f5/hystrix/hystrix.go:221 =\u003e C:/Users/User/go/pkg/mod/github.com/afex/hystrix-go@v0.0.0-20180502004556-fa1af6a1f4f5/hystrix/hystrix.go:160 =\u003e C:/Go/src/runtime/asm_amd64.s:1357 =\u003e Message:  Run failed! rpc error: code = Unavailable desc = transport is closing]","time":"2021-01-04T20:45:18+08:00"}
{"level":"warning","msg":"[C:/Users/User/go/pkg/mod/github.com/afex/hystrix-go@v0.0.0-20180502004556-fa1af6a1f4f5/hystrix/hystrix.go:204 =\u003e Message: 22222222222]","time":"2021-01-04T20:45:18+08:00"}
{"level":"warning","msg":"[C:/Users/User/go/src/github.com/Etpmls/Etpmls-Micro/client.go:114 =\u003e Message:  Run failed! rpc error: code = InvalidArgument desc = {\"code\":\"400000\",\"status\":\"error\",\"message\":\"Validation failed\"}]","time":"2021-01-04T20:52:12+08:00"}
{"level":"warning","msg":"[C:/Users/User/go/src/github.com/Etpmls/Etpmls-Micro/client.go:115 =\u003e C:/Users/User/go/pkg/mod/github.com/afex/hystrix-go@v0.0.0-20180502004556-fa1af6a1f4f5/hystrix/hystrix.go:204 =\u003e C:/Users/User/go/pkg/mod/github.com/afex/hystrix-go@v0.0.0-20180502004556-fa1af6a1f4f5/hystrix/hystrix.go:221 =\u003e C:/Users/User/go/pkg/mod/github.com/afex/hystrix-go@v0.0.0-20180502004556-fa1af6a1f4f5/hystrix/hystrix.go:160 =\u003e C:/Go/src/runtime/asm_amd64.s:1357 =\u003e Message:  Run failed! rpc error: code = InvalidArgument desc = {\"code\":\"400000\",\"status\":\"error\",\"message\":\"Validation failed\"}]","time":"2021-01-04T20:52:12+08:00"}
{"level":"warning","msg":"[C:/Users/User/go/pkg/mod/github.com/afex/hystrix-go@v0.0.0-20180502004556-fa1af6a1f4f5/hystrix/hystrix.go:204 =\u003e Message: 22222222222]","time":"2021-01-04T20:52:12+08:00"}
{"level":"warning","msg":"[C:/Users/User/go/src/github.com/Etpmls/Etpmls-Micro/client.go:114 =\u003e Message:  Run failed! rpc error: code = InvalidArgument desc = {\"code\":\"400000\",\"status\":\"error\",\"message\":\"Validation failed\"}]","time":"2021-01-04T21:24:07+08:00"}
{"level":"warning","msg":"[WARNING][C:/Users/User/go/src/github.com/Etpmls/EM-CMS/src/application/model/category.go:121 =\u003e Message:  Could not find the key of cache/enable]","time":"2021-01-17T15:02:53+08:00"}
{"level":"warning","msg":"[WARNING][C:/Users/User/go/src/github.com/Etpmls/EM-CMS/src/application/model/category.go:121 =\u003e Message:  Could not find the key of cache/enable]","time":"2021-01-17T15:05:24+08:00"}
{"level":"warning","msg":"[WARNING][C:/Users/User/go/src/github.com/Etpmls/EM-CMS/src/application/model/category.go:121 =\u003e Message:  Could not find the key of cache/enable]","time":"2021-01-17T15:05:26+08:00"}
{"level":"warning","msg":"[WARNING][C:/Users/User/go/src/github.com/Etpmls/EM-CMS/src/application/model/category.go:121 =\u003e Message:  Could not find the key of cache/enable]","time":"2021-01-17T15:05:34+08:00"}
{"level":"warning","msg":"[WARNING][C:/Users/User/go/src/github.com/Etpmls/EM-CMS/src/application/model/category.go:121 =\u003e Message:  Could not find the key of cache/enable]","time":"2021-01-17T15:11:29+08:00"}
{"level":"warning","msg":"[WARNING][C:/Users/User/go/src/github.com/Etpmls/EM-CMS/src/application/model/category.go:121 =\u003e Message:  Could not find the key of cache/enable]","time":"2021-01-17T15:11:31+08:00"}
{"level":"warning","msg":"[WARNING][C:/Users/User/go/src/github.com/Etpmls/EM-CMS/src/application/model/category.go:121 =\u003e Message:  Could not find the key of cache/enable]","time":"2021-01-17T15:14:21+08:00"}
{"level":"warning","msg":"[WARNING][C:/Users/User/go/src/github.com/Etpmls/EM-CMS/src/application/model/category.go:121 =\u003e Message:  Could not find the key of cache/enable]","time":"2021-01-17T15:16:25+08:00"}
{"level":"warning","msg":"[WARNING][C:/Users/User/go/src/github.com/Etpmls/EM-CMS/src/application/model/category.go:121 =\u003e Message:  Could not find the key of cache/enable]","time":"2021-01-17T15:16:29+08:00"}
{"level":"warning","msg":"[WARNING][C:/Users/User/go/src/github.com/Etpmls/EM-CMS/src/application/model/category.go:121 =\u003e Message:  Could not find the key of cache/enable]","time":"2021-01-17T15:16:55+08:00"}
{"level":"warning","msg":"[WARNING][C:/Users/User/go/src/github.com/Etpmls/EM-CMS/src/application/model/category.go:121 =\u003e Message:  Could not find the key of cache/enable]","time":"2021-01-17T15:19:07+08:00"}
{"level":"warning","msg":"[WARNING][C:/Users/User/go/src/github.com/Etpmls/EM-CMS/src/application/model/category.go:121 =\u003e Message:  Could not find the key of cache/enable]","time":"2021-01-17T15:20:29+08:00"}
{"level":"warning","msg":"[WARNING][C:/Users/User/go/src/github.com/Etpmls/EM-CMS/src/application/model/category.go:125 =\u003e Message:  Could not find the key of cache/enable]","time":"2021-01-17T15:21:32+08:00"}
{"level":"warning","msg":"[WARNING][C:/Users/User/go/src/github.com/Etpmls/EM-CMS/src/application/model/category.go:121 =\u003e Message:  Could not find the key of cache/enable]","time":"2021-01-17T15:26:31+08:00"}
{"level":"warning","msg":"[WARNING][C:/Users/User/go/src/github.com/Etpmls/EM-CMS/src/application/model/category.go:62 =\u003e Message:  Could not find the key of cache/enable]","time":"2021-01-17T15:26:31+08:00"}
{"level":"warning","msg":"[WARNING][C:/Users/User/go/src/github.com/Etpmls/EM-CMS/src/application/model/category.go:102 =\u003e Message:  Could not find the key of cache/enable]","time":"2021-01-17T15:26:31+08:00"}
{"level":"warning","msg":"[WARNING][C:/Users/User/go/src/github.com/Etpmls/EM-CMS/src/application/model/category.go:155 =\u003e Message:  Could not find the key of cache/enable]","time":"2021-01-17T15:26:31+08:00"}
{"level":"warning","msg":"[WARNING][C:/Users/User/go/src/github.com/Etpmls/EM-CMS/src/application/model/category.go:121 =\u003e Message:  Could not find the key of cache/enable]","time":"2021-01-17T15:26:37+08:00"}
{"level":"warning","msg":"[WARNING][C:/Users/User/go/src/github.com/Etpmls/EM-CMS/src/application/model/category.go:62 =\u003e Message:  Could not find the key of cache/enable]","time":"2021-01-17T15:26:37+08:00"}
{"level":"warning","msg":"[WARNING][C:/Users/User/go/src/github.com/Etpmls/EM-CMS/src/application/model/category.go:102 =\u003e Message:  Could not find the key of cache/enable]","time":"2021-01-17T15:26:37+08:00"}
{"level":"warning","msg":"[WARNING][C:/Users/User/go/src/github.com/Etpmls/EM-CMS/src/application/model/category.go:155 =\u003e Message:  Could not find the key of cache/enable]","time":"2021-01-17T15:26:37+08:00"}
{"level":"warning","msg":"[WARNING][C:/Users/User/go/src/github.com/Etpmls/EM-CMS/src/application/model/variable.go:27 =\u003e Message:  Could not find the key of cache/enable]","time":"2021-01-17T15:26:49+08:00"}
{"level":"warning","msg":"[WARNING][C:/Users/User/go/src/github.com/Etpmls/EM-CMS/src/application/model/variable.go:63 =\u003e Message:  Could not find the key of cache/enable]","time":"2021-01-17T15:26:49+08:00"}
{"level":"warning","msg":"[WARNING][C:/Users/User/go/src/github.com/Etpmls/EM-CMS/src/application/model/category.go:121 =\u003e Message:  Could not find the key of cache/enable]","time":"2021-01-17T15:26:51+08:00"}
{"level":"warning","msg":"[WARNING][C:/Users/User/go/src/github.com/Etpmls/EM-CMS/src/application/model/category.go:62 =\u003e Message:  Could not find the key of cache/enable]","time":"2021-01-17T15:26:51+08:00"}
{"level":"warning","msg":"[WARNING][C:/Users/User/go/src/github.com/Etpmls/EM-CMS/src/application/model/category.go:102 =\u003e Message:  Could not find the key of cache/enable]","time":"2021-01-17T15:26:51+08:00"}
{"level":"warning","msg":"[WARNING][C:/Users/User/go/src/github.com/Etpmls/EM-CMS/src/application/model/category.go:155 =\u003e Message:  Could not find the key of cache/enable]","time":"2021-01-17T15:26:51+08:00"}
{"level":"warning","msg":"[WARNING][C:/Users/User/go/src/github.com/Etpmls/EM-CMS/src/application/model/category.go:121 =\u003e Message:  Could not find the key of cache/enable]","time":"2021-01-17T15:26:52+08:00"}
{"level":"warning","msg":"[WARNING][C:/Users/User/go/src/github.com/Etpmls/EM-CMS/src/application/model/category.go:62 =\u003e Message:  Could not find the key of cache/enable]","time":"2021-01-17T15:26:52+08:00"}
{"level":"warning","msg":"[WARNING][C:/Users/User/go/src/github.com/Etpmls/EM-CMS/src/application/model/category.go:102 =\u003e Message:  Could not find the key of cache/enable]","time":"2021-01-17T15:26:52+08:00"}
{"level":"warning","msg":"[WARNING][C:/Users/User/go/src/github.com/Etpmls/EM-CMS/src/application/model/category.go:155 =\u003e Message:  Could not find the key of cache/enable]","time":"2021-01-17T15:26:52+08:00"}
{"level":"warning","msg":"[WARNING][C:/Users/User/go/src/github.com/Etpmls/EM-CMS/src/application/service/category.go:89 =\u003e Message:  Could not find the key of cache/enable]","time":"2021-01-17T15:28:17+08:00"}
{"level":"warning","msg":"[WARNING][C:/Users/User/go/src/github.com/Etpmls/EM-CMS/src/application/model/category.go:121 =\u003e Message:  Could not find the key of cache/enable]","time":"2021-01-17T15:28:17+08:00"}
{"level":"warning","msg":"[WARNING][C:/Users/User/go/src/github.com/Etpmls/EM-CMS/src/application/model/category.go:62 =\u003e Message:  Could not find the key of cache/enable]","time":"2021-01-17T15:28:17+08:00"}
{"level":"warning","msg":"[WARNING][C:/Users/User/go/src/github.com/Etpmls/EM-CMS/src/application/model/category.go:102 =\u003e Message:  Could not find the key of cache/enable]","time":"2021-01-17T15:28:17+08:00"}
{"level":"warning","msg":"[WARNING][C:/Users/User/go/src/github.com/Etpmls/EM-CMS/src/application/model/category.go:155 =\u003e Message:  Could not find the key of cache/enable]","time":"2021-01-17T15:28:17+08:00"}
{"level":"warning","msg":"[WARNING][C:/Users/User/go/src/github.com/Etpmls/EM-CMS/src/application/model/category.go:121 =\u003e Message:  Could not find the key of cache/enable]","time":"2021-01-17T15:28:26+08:00"}
{"level":"warning","msg":"[WARNING][C:/Users/User/go/src/github.com/Etpmls/EM-CMS/src/application/model/category.go:62 =\u003e Message:  Could not find the key of cache/enable]","time":"2021-01-17T15:28:26+08:00"}
{"level":"warning","msg":"[WARNING][C:/Users/User/go/src/github.com/Etpmls/EM-CMS/src/application/model/category.go:102 =\u003e Message:  Could not find the key of cache/enable]","time":"2021-01-17T15:28:26+08:00"}
{"level":"warning","msg":"[WARNING][C:/Users/User/go/src/github.com/Etpmls/EM-CMS/src/application/model/category.go:155 =\u003e Message:  Could not find the key of cache/enable]","time":"2021-01-17T15:28:26+08:00"}
{"level":"warning","msg":"[WARNING][C:/Users/User/go/src/github.com/Etpmls/EM-CMS/src/application/model/category.go:121 =\u003e Message:  Could not find the key of cache/enable]","time":"2021-01-17T15:28:31+08:00"}
{"level":"warning","msg":"[WARNING][C:/Users/User/go/src/github.com/Etpmls/EM-CMS/src/application/model/category.go:62 =\u003e Message:  Could not find the key of cache/enable]","time":"2021-01-17T15:28:31+08:00"}
{"level":"warning","msg":"[WARNING][C:/Users/User/go/src/github.com/Etpmls/EM-CMS/src/application/model/category.go:102 =\u003e Message:  Could not find the key of cache/enable]","time":"2021-01-17T15:28:31+08:00"}
{"level":"warning","msg":"[WARNING][C:/Users/User/go/src/github.com/Etpmls/EM-CMS/src/application/model/category.go:155 =\u003e Message:  Could not find the key of cache/enable]","time":"2021-01-17T15:28:31+08:00"}
{"level":"warning","msg":"[WARNING][C:/Users/User/go/src/github.com/Etpmls/EM-CMS/src/application/service/category.go:89 =\u003e Message:  Could not find the key of cache/enable]","time":"2021-01-17T15:29:01+08:00"}
{"level":"warning","msg":"[WARNING][C:/Users/User/go/src/github.com/Etpmls/EM-CMS/src/application/model/category.go:121 =\u003e Message:  Could not find the key of cache/enable]","time":"2021-01-17T15:29:01+08:00"}
{"level":"warning","msg":"[WARNING][C:/Users/User/go/src/github.com/Etpmls/EM-CMS/src/application/model/category.go:62 =\u003e Message:  Could not find the key of cache/enable]","time":"2021-01-17T15:29:01+08:00"}
{"level":"warning","msg":"[WARNING][C:/Users/User/go/src/github.com/Etpmls/EM-CMS/src/application/model/category.go:102 =\u003e Message:  Could not find the key of cache/enable]","time":"2021-01-17T15:29:01+08:00"}
{"level":"warning","msg":"[WARNING][C:/Users/User/go/src/github.com/Etpmls/EM-CMS/src/application/model/category.go:155 =\u003e Message:  Could not find the key of cache/enable]","time":"2021-01-17T15:29:01+08:00"}
{"level":"warning","msg":"[WARNING][C:/Users/User/go/src/github.com/Etpmls/EM-CMS/src/application/model/category.go:121 =\u003e Message:  Could not find the key of cache/enable]","time":"2021-01-17T15:29:05+08:00"}
{"level":"warning","msg":"[WARNING][C:/Users/User/go/src/github.com/Etpmls/EM-CMS/src/application/model/category.go:62 =\u003e Message:  Could not find the key of cache/enable]","time":"2021-01-17T15:29:05+08:00"}
{"level":"warning","msg":"[WARNING][C:/Users/User/go/src/github.com/Etpmls/EM-CMS/src/application/model/category.go:102 =\u003e Message:  Could not find the key of cache/enable]","time":"2021-01-17T15:29:05+08:00"}
{"level":"warning","msg":"[WARNING][C:/Users/User/go/src/github.com/Etpmls/EM-CMS/src/application/model/category.go:155 =\u003e Message:  Could not find the key of cache/enable]","time":"2021-01-17T15:29:05+08:00"}
{"level":"warning","msg":"[WARNING][C:/Users/User/go/src/github.com/Etpmls/EM-CMS/src/application/model/category.go:121 =\u003e Message:  Could not find the key of cache/enable]","time":"2021-01-17T15:29:17+08:00"}
{"level":"warning","msg":"[WARNING][C:/Users/User/go/src/github.com/Etpmls/EM-CMS/src/application/model/category.go:62 =\u003e Message:  Could not find the key of cache/enable]","time":"2021-01-17T15:29:17+08:00"}
{"level":"warning","msg":"[WARNING][C:/Users/User/go/src/github.com/Etpmls/EM-CMS/src/application/model/category.go:102 =\u003e Message:  Could not find the key of cache/enable]","time":"2021-01-17T15:29:17+08:00"}
{"level":"warning","msg":"[WARNING][C:/Users/User/go/src/github.com/Etpmls/EM-CMS/src/application/model/category.go:155 =\u003e Message:  Could not find the key of cache/enable]","time":"2021-01-17T15:29:17+08:00"}
{"level":"warning","msg":"[WARNING][C:/Users/User/go/src/github.com/Etpmls/EM-CMS/src/application/service/category.go:89 =\u003e Message:  Could not find the key of cache/enable]","time":"2021-01-17T15:29:24+08:00"}
{"level":"warning","msg":"[WARNING][C:/Users/User/go/src/github.com/Etpmls/EM-CMS/src/application/model/category.go:121 =\u003e Message:  Could not find the key of cache/enable]","time":"2021-01-17T15:29:24+08:00"}
{"level":"warning","msg":"[WARNING][C:/Users/User/go/src/github.com/Etpmls/EM-CMS/src/application/model/category.go:62 =\u003e Message:  Could not find the key of cache/enable]","time":"2021-01-17T15:29:24+08:00"}
{"level":"warning","msg":"[WARNING][C:/Users/User/go/src/github.com/Etpmls/EM-CMS/src/application/model/category.go:102 =\u003e Message:  Could not find the key of cache/enable]","time":"2021-01-17T15:29:24+08:00"}
{"level":"warning","msg":"[WARNING][C:/Users/User/go/src/github.com/Etpmls/EM-CMS/src/application/model/category.go:155 =\u003e Message:  Could not find the key of cache/enable]","time":"2021-01-17T15:29:24+08:00"}
{"level":"warning","msg":"[WARNING][C:/Users/User/go/src/github.com/Etpmls/EM-CMS/src/application/model/category.go:121 =\u003e Message:  Could not find the key of cache/enable]","time":"2021-01-17T15:29:26+08:00"}
{"level":"warning","msg":"[WARNING][C:/Users/User/go/src/github.com/Etpmls/EM-CMS/src/application/model/category.go:62 =\u003e Message:  Could not find the key of cache/enable]","time":"2021-01-17T15:29:26+08:00"}
{"level":"warning","msg":"[WARNING][C:/Users/User/go/src/github.com/Etpmls/EM-CMS/src/application/model/category.go:102 =\u003e Message:  Could not find the key of cache/enable]","time":"2021-01-17T15:29:26+08:00"}
{"level":"warning","msg":"[WARNING][C:/Users/User/go/src/github.com/Etpmls/EM-CMS/src/application/model/category.go:155 =\u003e Message:  Could not find the key of cache/enable]","time":"2021-01-17T15:29:26+08:00"}
{"level":"warning","msg":"[WARNING][C:/Users/User/go/src/github.com/Etpmls/EM-CMS/src/application/service/category.go:120 =\u003e Message:  Could not find the key of cache/enable]","time":"2021-01-17T15:29:31+08:00"}
{"level":"warning","msg":"[WARNING][C:/Users/User/go/src/github.com/Etpmls/EM-CMS/src/application/model/category.go:121 =\u003e Message:  Could not find the key of cache/enable]","time":"2021-01-17T15:29:31+08:00"}
{"level":"warning","msg":"[WARNING][C:/Users/User/go/src/github.com/Etpmls/EM-CMS/src/application/model/category.go:62 =\u003e Message:  Could not find the key of cache/enable]","time":"2021-01-17T15:29:31+08:00"}
{"level":"warning","msg":"[WARNING][C:/Users/User/go/src/github.com/Etpmls/EM-CMS/src/application/model/category.go:102 =\u003e Message:  Could not find the key of cache/enable]","time":"2021-01-17T15:29:31+08:00"}
{"level":"warning","msg":"[WARNING][C:/Users/User/go/src/github.com/Etpmls/EM-CMS/src/application/model/category.go:155 =\u003e Message:  Could not find the key of cache/enable]","time":"2021-01-17T15:29:31+08:00"}
{"level":"warning","msg":"[WARNING][C:/Users/User/go/src/github.com/Etpmls/EM-CMS/src/application/model/category.go:121 =\u003e Message:  Could not find the key of cache/enable]","time":"2021-01-17T15:29:33+08:00"}
{"level":"warning","msg":"[WARNING][C:/Users/User/go/src/github.com/Etpmls/EM-CMS/src/application/model/category.go:62 =\u003e Message:  Could not find the key of cache/enable]","time":"2021-01-17T15:29:33+08:00"}
{"level":"warning","msg":"[WARNING][C:/Users/User/go/src/github.com/Etpmls/EM-CMS/src/application/model/category.go:102 =\u003e Message:  Could not find the key of cache/enable]","time":"2021-01-17T15:29:33+08:00"}
{"level":"warning","msg":"[WARNING][C:/Users/User/go/src/github.com/Etpmls/EM-CMS/src/application/model/category.go:155 =\u003e Message:  Could not find the key of cache/enable]","time":"2021-01-17T15:29:33+08:00"}
{"level":"warning","msg":"[WARNING][C:/Users/User/go/src/github.com/Etpmls/EM-CMS/src/application/model/category.go:121 =\u003e Message:  Could not find the key of cache/enable]","time":"2021-01-17T15:41:31+08:00"}
{"level":"warning","msg":"[WARNING][C:/Users/User/go/src/github.com/Etpmls/EM-CMS/src/application/model/category.go:62 =\u003e Message:  Could not find the key of cache/enable]","time":"2021-01-17T15:41:31+08:00"}
{"level":"warning","msg":"[WARNING][C:/Users/User/go/src/github.com/Etpmls/EM-CMS/src/application/model/category.go:102 =\u003e Message:  Could not find the key of cache/enable]","time":"2021-01-17T15:41:31+08:00"}
{"level":"warning","msg":"[WARNING][C:/Users/User/go/src/github.com/Etpmls/EM-CMS/src/application/model/category.go:155 =\u003e Message:  Could not find the key of cache/enable]","time":"2021-01-17T15:41:31+08:00"}
{"level":"warning","msg":"[WARNING][C:/Users/User/go/src/github.com/Etpmls/EM-CMS/src/application/service/category.go:120 =\u003e Message:  Could not find the key of cache/enable]","time":"2021-01-17T15:41:45+08:00"}
{"level":"warning","msg":"[WARNING][C:/Users/User/go/src/github.com/Etpmls/EM-CMS/src/application/model/category.go:121 =\u003e Message:  Could not find the key of cache/enable]","time":"2021-01-17T15:41:45+08:00"}
{"level":"warning","msg":"[WARNING][C:/Users/User/go/src/github.com/Etpmls/EM-CMS/src/application/model/category.go:62 =\u003e Message:  Could not find the key of cache/enable]","time":"2021-01-17T15:41:45+08:00"}
{"level":"warning","msg":"[WARNING][C:/Users/User/go/src/github.com/Etpmls/EM-CMS/src/application/model/category.go:102 =\u003e Message:  Could not find the key of cache/enable]","time":"2021-01-17T15:41:45+08:00"}
{"level":"warning","msg":"[WARNING][C:/Users/User/go/src/github.com/Etpmls/EM-CMS/src/application/model/category.go:155 =\u003e Message:  Could not find the key of cache/enable]","time":"2021-01-17T15:41:45+08:00"}
{"level":"warning","msg":"[WARNING][C:/Users/User/go/src/github.com/Etpmls/EM-CMS/src/application/model/category.go:121 =\u003e Message:  Could not find the key of cache/enable]","time":"2021-01-17T15:41:48+08:00"}
{"level":"warning","msg":"[WARNING][C:/Users/User/go/src/github.com/Etpmls/EM-CMS/src/application/model/category.go:62 =\u003e Message:  Could not find the key of cache/enable]","time":"2021-01-17T15:41:48+08:00"}
{"level":"warning","msg":"[WARNING][C:/Users/User/go/src/github.com/Etpmls/EM-CMS/src/application/model/category.go:102 =\u003e Message:  Could not find the key of cache/enable]","time":"2021-01-17T15:41:48+08:00"}
{"level":"warning","msg":"[WARNING][C:/Users/User/go/src/github.com/Etpmls/EM-CMS/src/application/model/category.go:155 =\u003e Message:  Could not find the key of cache/enable]","time":"2021-01-17T15:41:48+08:00"}
{"level":"warning","msg":"[WARNING][C:/Users/User/go/src/github.com/Etpmls/EM-CMS/src/application/model/category.go:121 =\u003e Message:  Could not find the key of cache/enable]","time":"2021-01-17T15:41:52+08:00"}
{"level":"warning","msg":"[WARNING][C:/Users/User/go/src/github.com/Etpmls/EM-CMS/src/application/model/category.go:62 =\u003e Message:  Could not find the key of cache/enable]","time":"2021-01-17T15:41:52+08:00"}
{"level":"warning","msg":"[WARNING][C:/Users/User/go/src/github.com/Etpmls/EM-CMS/src/application/model/category.go:102 =\u003e Message:  Could not find the key of cache/enable]","time":"2021-01-17T15:41:52+08:00"}
{"level":"warning","msg":"[WARNING][C:/Users/User/go/src/github.com/Etpmls/EM-CMS/src/application/model/category.go:155 =\u003e Message:  Could not find the key of cache/enable]","time":"2021-01-17T15:41:52+08:00"}
{"level":"warning","msg":"[WARNING][C:/Users/User/go/src/github.com/Etpmls/EM-CMS/src/application/model/category.go:121 =\u003e Message:  Could not find the key of cache/enable]","time":"2021-01-17T15:42:09+08:00"}
{"level":"warning","msg":"[WARNING][C:/Users/User/go/src/github.com/Etpmls/EM-CMS/src/application/model/category.go:62 =\u003e Message:  Could not find the key of cache/enable]","time":"2021-01-17T15:42:09+08:00"}
{"level":"warning","msg":"[WARNING][C:/Users/User/go/src/github.com/Etpmls/EM-CMS/src/application/model/category.go:102 =\u003e Message:  Could not find the key of cache/enable]","time":"2021-01-17T15:42:09+08:00"}
{"level":"warning","msg":"[WARNING][C:/Users/User/go/src/github.com/Etpmls/EM-CMS/src/application/model/category.go:155 =\u003e Message:  Could not find the key of cache/enable]","time":"2021-01-17T15:42:09+08:00"}
{"level":"warning","msg":"[WARNING][C:/Users/User/go/src/github.com/Etpmls/EM-CMS/src/application/model/category.go:121 =\u003e Message:  Could not find the key of cache/enable]","time":"2021-01-17T15:44:41+08:00"}
{"level":"warning","msg":"[WARNING][C:/Users/User/go/src/github.com/Etpmls/EM-CMS/src/application/model/category.go:62 =\u003e Message:  Could not find the key of cache/enable]","time":"2021-01-17T15:44:41+08:00"}
{"level":"warning","msg":"[WARNING][C:/Users/User/go/src/github.com/Etpmls/EM-CMS/src/application/model/category.go:102 =\u003e Message:  Could not find the key of cache/enable]","time":"2021-01-17T15:44:41+08:00"}
{"level":"warning","msg":"[WARNING][C:/Users/User/go/src/github.com/Etpmls/EM-CMS/src/application/model/category.go:155 =\u003e Message:  Could not find the key of cache/enable]","time":"2021-01-17T15:44:41+08:00"}
{"level":"warning","msg":"[WARNING][C:/Users/User/go/src/github.com/Etpmls/EM-CMS/src/application/service/category.go:120 =\u003e Message:  Could not find the key of cache/enable]","time":"2021-01-17T15:44:52+08:00"}
{"level":"warning","msg":"[WARNING][C:/Users/User/go/src/github.com/Etpmls/EM-CMS/src/application/model/category.go:121 =\u003e Message:  Could not find the key of cache/enable]","time":"2021-01-17T15:44:52+08:00"}
{"level":"warning","msg":"[WARNING][C:/Users/User/go/src/github.com/Etpmls/EM-CMS/src/application/model/category.go:62 =\u003e Message:  Could not find the key of cache/enable]","time":"2021-01-17T15:44:52+08:00"}
{"level":"warning","msg":"[WARNING][C:/Users/User/go/src/github.com/Etpmls/EM-CMS/src/application/model/category.go:102 =\u003e Message:  Could not find the key of cache/enable]","time":"2021-01-17T15:44:52+08:00"}
{"level":"warning","msg":"[WARNING][C:/Users/User/go/src/github.com/Etpmls/EM-CMS/src/application/model/category.go:155 =\u003e Message:  Could not find the key of cache/enable]","time":"2021-01-17T15:44:52+08:00"}
{"level":"warning","msg":"[WARNING][C:/Users/User/go/src/github.com/Etpmls/EM-CMS/src/application/model/category.go:121 =\u003e Message:  Could not find the key of cache/enable]","time":"2021-01-17T15:44:53+08:00"}
{"level":"warning","msg":"[WARNING][C:/Users/User/go/src/github.com/Etpmls/EM-CMS/src/application/model/category.go:62 =\u003e Message:  Could not find the key of cache/enable]","time":"2021-01-17T15:44:54+08:00"}
{"level":"warning","msg":"[WARNING][C:/Users/User/go/src/github.com/Etpmls/EM-CMS/src/application/model/category.go:102 =\u003e Message:  Could not find the key of cache/enable]","time":"2021-01-17T15:44:54+08:00"}
{"level":"warning","msg":"[WARNING][C:/Users/User/go/src/github.com/Etpmls/EM-CMS/src/application/model/category.go:155 =\u003e Message:  Could not find the key of cache/enable]","time":"2021-01-17T15:44:54+08:00"}
{"level":"warning","msg":"[WARNING][C:/Users/User/go/src/github.com/Etpmls/EM-CMS/src/application/model/category.go:121 =\u003e Message:  Could not find the key of cache/enable]","time":"2021-01-17T15:44:59+08:00"}
{"level":"warning","msg":"[WARNING][C:/Users/User/go/src/github.com/Etpmls/EM-CMS/src/application/model/category.go:62 =\u003e Message:  Could not find the key of cache/enable]","time":"2021-01-17T15:44:59+08:00"}
{"level":"warning","msg":"[WARNING][C:/Users/User/go/src/github.com/Etpmls/EM-CMS/src/application/model/category.go:102 =\u003e Message:  Could not find the key of cache/enable]","time":"2021-01-17T15:44:59+08:00"}
{"level":"warning","msg":"[WARNING][C:/Users/User/go/src/github.com/Etpmls/EM-CMS/src/application/model/category.go:155 =\u003e Message:  Could not find the key of cache/enable]","time":"2021-01-17T15:44:59+08:00"}
{"level":"warning","msg":"[WARNING][C:/Users/User/go/src/github.com/Etpmls/EM-CMS/src/application/service/category.go:89 =\u003e Message:  Could not find the key of cache/enable]","time":"2021-01-17T15:45:29+08:00"}
{"level":"warning","msg":"[WARNING][C:/Users/User/go/src/github.com/Etpmls/EM-CMS/src/application/model/category.go:121 =\u003e Message:  Could not find the key of cache/enable]","time":"2021-01-17T15:45:29+08:00"}
{"level":"warning","msg":"[WARNING][C:/Users/User/go/src/github.com/Etpmls/EM-CMS/src/application/model/category.go:62 =\u003e Message:  Could not find the key of cache/enable]","time":"2021-01-17T15:45:29+08:00"}
{"level":"warning","msg":"[WARNING][C:/Users/User/go/src/github.com/Etpmls/EM-CMS/src/application/model/category.go:102 =\u003e Message:  Could not find the key of cache/enable]","time":"2021-01-17T15:45:29+08:00"}
{"level":"warning","msg":"[WARNING][C:/Users/User/go/src/github.com/Etpmls/EM-CMS/src/application/model/category.go:155 =\u003e Message:  Could not find the key of cache/enable]","time":"2021-01-17T15:45:29+08:00"}
{"level":"warning","msg":"[WARNING][C:/Users/User/go/src/github.com/Etpmls/EM-CMS/src/application/model/category.go:121 =\u003e Message:  Could not find the key of cache/enable]","time":"2021-01-17T15:45:31+08:00"}
{"level":"warning","msg":"[WARNING][C:/Users/User/go/src/github.com/Etpmls/EM-CMS/src/application/model/category.go:62 =\u003e Message:  Could not find the key of cache/enable]","time":"2021-01-17T15:45:31+08:00"}
{"level":"warning","msg":"[WARNING][C:/Users/User/go/src/github.com/Etpmls/EM-CMS/src/application/model/category.go:102 =\u003e Message:  Could not find the key of cache/enable]","time":"2021-01-17T15:45:31+08:00"}
{"level":"warning","msg":"[WARNING][C:/Users/User/go/src/github.com/Etpmls/EM-CMS/src/application/model/category.go:155 =\u003e Message:  Could not find the key of cache/enable]","time":"2021-01-17T15:45:31+08:00"}
{"level":"warning","msg":"[WARNING][C:/Users/User/go/src/github.com/Etpmls/EM-CMS/src/application/service/category.go:120 =\u003e Message:  Could not find the key of cache/enable]","time":"2021-01-17T15:46:16+08:00"}
{"level":"warning","msg":"[WARNING][C:/Users/User/go/src/github.com/Etpmls/EM-CMS/src/application/model/category.go:121 =\u003e Message:  Could not find the key of cache/enable]","time":"2021-01-17T15:46:16+08:00"}
{"level":"warning","msg":"[WARNING][C:/Users/User/go/src/github.com/Etpmls/EM-CMS/src/application/model/category.go:62 =\u003e Message:  Could not find the key of cache/enable]","time":"2021-01-17T15:46:16+08:00"}
{"level":"warning","msg":"[WARNING][C:/Users/User/go/src/github.com/Etpmls/EM-CMS/src/application/model/category.go:102 =\u003e Message:  Could not find the key of cache/enable]","time":"2021-01-17T15:46:16+08:00"}
{"level":"warning","msg":"[WARNING][C:/Users/User/go/src/github.com/Etpmls/EM-CMS/src/application/model/category.go:155 =\u003e Message:  Could not find the key of cache/enable]","time":"2021-01-17T15:46:16+08:00"}
{"level":"warning","msg":"[WARNING][C:/Users/User/go/src/github.com/Etpmls/EM-CMS/src/application/model/category.go:121 =\u003e Message:  Could not find the key of cache/enable]","time":"2021-01-17T15:50:27+08:00"}
{"level":"warning","msg":"[WARNING][C:/Users/User/go/src/github.com/Etpmls/EM-CMS/src/application/model/category.go:62 =\u003e Message:  Could not find the key of cache/enable]","time":"2021-01-17T15:50:27+08:00"}
{"level":"warning","msg":"[WARNING][C:/Users/User/go/src/github.com/Etpmls/EM-CMS/src/application/model/category.go:102 =\u003e Message:  Could not find the key of cache/enable]","time":"2021-01-17T15:50:27+08:00"}
{"level":"warning","msg":"[WARNING][C:/Users/User/go/src/github.com/Etpmls/EM-CMS/src/application/model/category.go:155 =\u003e Message:  Could not find the key of cache/enable]","time":"2021-01-17T15:50:27+08:00"}
{"level":"warning","msg":"[WARNING][C:/Users/User/go/src/github.com/Etpmls/EM-CMS/src/application/model/category.go:121 =\u003e Message:  Could not find the key of cache/enable]","time":"2021-01-17T15:50:38+08:00"}
{"level":"warning","msg":"[WARNING][C:/Users/User/go/src/github.com/Etpmls/EM-CMS/src/application/model/category.go:62 =\u003e Message:  Could not find the key of cache/enable]","time":"2021-01-17T15:50:38+08:00"}
{"level":"warning","msg":"[WARNING][C:/Users/User/go/src/github.com/Etpmls/EM-CMS/src/application/model/category.go:102 =\u003e Message:  Could not find the key of cache/enable]","time":"2021-01-17T15:50:38+08:00"}
{"level":"warning","msg":"[WARNING][C:/Users/User/go/src/github.com/Etpmls/EM-CMS/src/application/model/category.go:155 =\u003e Message:  Could not find the key of cache/enable]","time":"2021-01-17T15:50:38+08:00"}
{"level":"warning","msg":"[WARNING][C:/Users/User/go/src/github.com/Etpmls/EM-CMS/src/application/model/category.go:121 =\u003e Message:  Could not find the key of cache/enable]","time":"2021-01-17T15:50:47+08:00"}
{"level":"warning","msg":"[WARNING][C:/Users/User/go/src/github.com/Etpmls/EM-CMS/src/application/model/category.go:62 =\u003e Message:  Could not find the key of cache/enable]","time":"2021-01-17T15:50:47+08:00"}
{"level":"warning","msg":"[WARNING][C:/Users/User/go/src/github.com/Etpmls/EM-CMS/src/application/model/category.go:102 =\u003e Message:  Could not find the key of cache/enable]","time":"2021-01-17T15:50:47+08:00"}
{"level":"warning","msg":"[WARNING][C:/Users/User/go/src/github.com/Etpmls/EM-CMS/src/application/model/category.go:155 =\u003e Message:  Could not find the key of cache/enable]","time":"2021-01-17T15:50:47+08:00"}
{"level":"warning","msg":"[WARNING][C:/Users/User/go/src/github.com/Etpmls/EM-CMS/src/application/model/category.go:121 =\u003e Message:  Could not find the key of cache/enable]","time":"2021-01-17T15:50:52+08:00"}
{"level":"warning","msg":"[WARNING][C:/Users/User/go/src/github.com/Etpmls/EM-CMS/src/application/model/category.go:62 =\u003e Message:  Could not find the key of cache/enable]","time":"2021-01-17T15:50:52+08:00"}
{"level":"warning","msg":"[WARNING][C:/Users/User/go/src/github.com/Etpmls/EM-CMS/src/application/model/category.go:102 =\u003e Message:  Could not find the key of cache/enable]","time":"2021-01-17T15:50:52+08:00"}
{"level":"warning","msg":"[WARNING][C:/Users/User/go/src/github.com/Etpmls/EM-CMS/src/application/model/category.go:155 =\u003e Message:  Could not find the key of cache/enable]","time":"2021-01-17T15:50:52+08:00"}
{"level":"warning","msg":"[WARNING][C:/Users/User/go/src/github.com/Etpmls/EM-CMS/src/application/model/category.go:121 =\u003e Message:  Could not find the key of cache/enable]","time":"2021-01-17T15:50:57+08:00"}
{"level":"warning","msg":"[WARNING][C:/Users/User/go/src/github.com/Etpmls/EM-CMS/src/application/model/category.go:62 =\u003e Message:  Could not find the key of cache/enable]","time":"2021-01-17T15:50:57+08:00"}
{"level":"warning","msg":"[WARNING][C:/Users/User/go/src/github.com/Etpmls/EM-CMS/src/application/model/category.go:102 =\u003e Message:  Could not find the key of cache/enable]","time":"2021-01-17T15:50:57+08:00"}
{"level":"warning","msg":"[WARNING][C:/Users/User/go/src/github.com/Etpmls/EM-CMS/src/application/model/category.go:155 =\u003e Message:  Could not find the key of cache/enable]","time":"2021-01-17T15:50:57+08:00"}
{"level":"warning","msg":"[WARNING][C:/Users/User/go/src/github.com/Etpmls/EM-CMS/src/application/model/category.go:121 =\u003e Message:  Could not find the key of cache/enable]","time":"2021-01-17T15:51:04+08:00"}
{"level":"warning","msg":"[WARNING][C:/Users/User/go/src/github.com/Etpmls/EM-CMS/src/application/model/category.go:62 =\u003e Message:  Could not find the key of cache/enable]","time":"2021-01-17T15:51:04+08:00"}
{"level":"warning","msg":"[WARNING][C:/Users/User/go/src/github.com/Etpmls/EM-CMS/src/application/model/category.go:102 =\u003e Message:  Could not find the key of cache/enable]","time":"2021-01-17T15:51:04+08:00"}
{"level":"warning","msg":"[WARNING][C:/Users/User/go/src/github.com/Etpmls/EM-CMS/src/application/model/category.go:155 =\u003e Message:  Could not find the key of cache/enable]","time":"2021-01-17T15:51:04+08:00"}
{"level":"warning","msg":"[WARNING][C:/Users/User/go/src/github.com/Etpmls/EM-CMS/src/application/service/category.go:190 =\u003e Message:  Could not find the key of cache/enable]","time":"2021-01-17T15:54:27+08:00"}
{"level":"warning","msg":"[WARNING][C:/Users/User/go/src/github.com/Etpmls/EM-CMS/src/application/model/category.go:121 =\u003e Message:  Could not find the key of cache/enable]","time":"2021-01-17T16:22:22+08:00"}
{"level":"warning","msg":"[WARNING][C:/Users/User/go/src/github.com/Etpmls/EM-CMS/src/application/model/category.go:62 =\u003e Message:  Could not find the key of cache/enable]","time":"2021-01-17T16:22:22+08:00"}
{"level":"warning","msg":"[WARNING][C:/Users/User/go/src/github.com/Etpmls/EM-CMS/src/application/model/category.go:102 =\u003e Message:  Could not find the key of cache/enable]","time":"2021-01-17T16:22:22+08:00"}
{"level":"warning","msg":"[WARNING][C:/Users/User/go/src/github.com/Etpmls/EM-CMS/src/application/model/category.go:155 =\u003e Message:  Could not find the key of cache/enable]","time":"2021-01-17T16:22:22+08:00"}
{"level":"warning","msg":"[WARNING][C:/Users/User/go/src/github.com/Etpmls/EM-CMS/src/application/model/category.go:121 =\u003e Message:  Could not find the key of cache/enable]","time":"2021-01-17T16:32:08+08:00"}
{"level":"warning","msg":"[WARNING][C:/Users/User/go/src/github.com/Etpmls/EM-CMS/src/application/model/category.go:62 =\u003e Message:  Could not find the key of cache/enable]","time":"2021-01-17T16:32:08+08:00"}
{"level":"warning","msg":"[WARNING][C:/Users/User/go/src/github.com/Etpmls/EM-CMS/src/application/model/category.go:102 =\u003e Message:  Could not find the key of cache/enable]","time":"2021-01-17T16:32:08+08:00"}
{"level":"warning","msg":"[WARNING][C:/Users/User/go/src/github.com/Etpmls/EM-CMS/src/application/model/category.go:155 =\u003e Message:  Could not find the key of cache/enable]","time":"2021-01-17T16:32:08+08:00"}
{"level":"warning","msg":"[WARNING][C:/Users/User/go/src/github.com/Etpmls/EM-CMS/src/application/model/category.go:121 =\u003e Message:  Could not find the key of cache/enable]","time":"2021-01-17T16:32:52+08:00"}
{"level":"warning","msg":"[WARNING][C:/Users/User/go/src/github.com/Etpmls/EM-CMS/src/application/model/category.go:62 =\u003e Message:  Could not find the key of cache/enable]","time":"2021-01-17T16:32:52+08:00"}
{"level":"warning","msg":"[WARNING][C:/Users/User/go/src/github.com/Etpmls/EM-CMS/src/application/model/category.go:102 =\u003e Message:  Could not find the key of cache/enable]","time":"2021-01-17T16:32:52+08:00"}
{"level":"warning","msg":"[WARNING][C:/Users/User/go/src/github.com/Etpmls/EM-CMS/src/application/model/category.go:155 =\u003e Message:  Could not find the key of cache/enable]","time":"2021-01-17T16:32:52+08:00"}
{"level":"warning","msg":"[WARNING][C:/Users/User/go/src/github.com/Etpmls/EM-CMS/src/application/model/category.go:121 =\u003e Message:  Could not find the key of cache/enable]","time":"2021-01-17T16:34:51+08:00"}
{"level":"warning","msg":"[WARNING][C:/Users/User/go/src/github.com/Etpmls/EM-CMS/src/application/model/category.go:62 =\u003e Message:  Could not find the key of cache/enable]","time":"2021-01-17T16:34:51+08:00"}
{"level":"warning","msg":"[WARNING][C:/Users/User/go/src/github.com/Etpmls/EM-CMS/src/application/model/category.go:102 =\u003e Message:  Could not find the key of cache/enable]","time":"2021-01-17T16:34:51+08:00"}
{"level":"warning","msg":"[WARNING][C:/Users/User/go/src/github.com/Etpmls/EM-CMS/src/application/model/category.go:155 =\u003e Message:  Could not find the key of cache/enable]","time":"2021-01-17T16:34:51+08:00"}
{"level":"warning","msg":"[WARNING][C:/Users/User/go/src/github.com/Etpmls/EM-CMS/src/application/model/category.go:121 =\u003e Message:  Could not find the key of cache/enable]","time":"2021-01-17T16:34:53+08:00"}
{"level":"warning","msg":"[WARNING][C:/Users/User/go/src/github.com/Etpmls/EM-CMS/src/application/model/category.go:62 =\u003e Message:  Could not find the key of cache/enable]","time":"2021-01-17T16:34:54+08:00"}
{"level":"warning","msg":"[WARNING][C:/Users/User/go/src/github.com/Etpmls/EM-CMS/src/application/model/category.go:102 =\u003e Message:  Could not find the key of cache/enable]","time":"2021-01-17T16:34:54+08:00"}
{"level":"warning","msg":"[WARNING][C:/Users/User/go/src/github.com/Etpmls/EM-CMS/src/application/model/category.go:155 =\u003e Message:  Could not find the key of cache/enable]","time":"2021-01-17T16:34:54+08:00"}
{"level":"warning","msg":"[WARNING][C:/Users/User/go/src/github.com/Etpmls/EM-CMS/src/application/model/category.go:121 =\u003e Message:  Could not find the key of cache/enable]","time":"2021-01-17T16:37:18+08:00"}
{"level":"warning","msg":"[WARNING][C:/Users/User/go/src/github.com/Etpmls/EM-CMS/src/application/model/category.go:62 =\u003e Message:  Could not find the key of cache/enable]","time":"2021-01-17T16:37:18+08:00"}
{"level":"warning","msg":"[WARNING][C:/Users/User/go/src/github.com/Etpmls/EM-CMS/src/application/model/category.go:102 =\u003e Message:  Could not find the key of cache/enable]","time":"2021-01-17T16:37:18+08:00"}
{"level":"warning","msg":"[WARNING][C:/Users/User/go/src/github.com/Etpmls/EM-CMS/src/application/model/category.go:155 =\u003e Message:  Could not find the key of cache/enable]","time":"2021-01-17T16:37:18+08:00"}
{"level":"warning","msg":"[WARNING][C:/Users/User/go/src/github.com/Etpmls/EM-CMS/src/application/model/category.go:121 =\u003e Message:  Could not find the key of cache/enable]","time":"2021-01-17T16:37:22+08:00"}
{"level":"warning","msg":"[WARNING][C:/Users/User/go/src/github.com/Etpmls/EM-CMS/src/application/model/category.go:62 =\u003e Message:  Could not find the key of cache/enable]","time":"2021-01-17T16:37:22+08:00"}
{"level":"warning","msg":"[WARNING][C:/Users/User/go/src/github.com/Etpmls/EM-CMS/src/application/model/category.go:102 =\u003e Message:  Could not find the key of cache/enable]","time":"2021-01-17T16:37:22+08:00"}
{"level":"warning","msg":"[WARNING][C:/Users/User/go/src/github.com/Etpmls/EM-CMS/src/application/model/category.go:155 =\u003e Message:  Could not find the key of cache/enable]","time":"2021-01-17T16:37:22+08:00"}
{"level":"warning","msg":"[WARNING][C:/Users/User/go/src/github.com/Etpmls/EM-CMS/src/application/model/category.go:121 =\u003e Message:  Could not find the key of cache/enable]","time":"2021-01-17T16:37:26+08:00"}
{"level":"warning","msg":"[WARNING][C:/Users/User/go/src/github.com/Etpmls/EM-CMS/src/application/model/category.go:62 =\u003e Message:  Could not find the key of cache/enable]","time":"2021-01-17T16:37:26+08:00"}
{"level":"warning","msg":"[WARNING][C:/Users/User/go/src/github.com/Etpmls/EM-CMS/src/application/model/category.go:102 =\u003e Message:  Could not find the key of cache/enable]","time":"2021-01-17T16:37:26+08:00"}
{"level":"warning","msg":"[WARNING][C:/Users/User/go/src/github.com/Etpmls/EM-CMS/src/application/model/category.go:155 =\u003e Message:  Could not find the key of cache/enable]","time":"2021-01-17T16:37:26+08:00"}
{"level":"warning","msg":"[WARNING][C:/Users/User/go/src/github.com/Etpmls/EM-CMS/src/application/service/category.go:120 =\u003e Message:  Could not find the key of cache/enable]","time":"2021-01-17T16:37:33+08:00"}
{"level":"warning","msg":"[WARNING][C:/Users/User/go/src/github.com/Etpmls/EM-CMS/src/application/model/category.go:121 =\u003e Message:  Could not find the key of cache/enable]","time":"2021-01-17T16:37:33+08:00"}
{"level":"warning","msg":"[WARNING][C:/Users/User/go/src/github.com/Etpmls/EM-CMS/src/application/model/category.go:62 =\u003e Message:  Could not find the key of cache/enable]","time":"2021-01-17T16:37:33+08:00"}
{"level":"warning","msg":"[WARNING][C:/Users/User/go/src/github.com/Etpmls/EM-CMS/src/application/model/category.go:102 =\u003e Message:  Could not find the key of cache/enable]","time":"2021-01-17T16:37:33+08:00"}
{"level":"warning","msg":"[WARNING][C:/Users/User/go/src/github.com/Etpmls/EM-CMS/src/application/model/category.go:155 =\u003e Message:  Could not find the key of cache/enable]","time":"2021-01-17T16:37:33+08:00"}
{"level":"warning","msg":"[WARNING][C:/Users/User/go/src/github.com/Etpmls/EM-CMS/src/application/model/category.go:121 =\u003e Message:  Could not find the key of cache/enable]","time":"2021-01-17T16:37:35+08:00"}
{"level":"warning","msg":"[WARNING][C:/Users/User/go/src/github.com/Etpmls/EM-CMS/src/application/model/category.go:62 =\u003e Message:  Could not find the key of cache/enable]","time":"2021-01-17T16:37:35+08:00"}
{"level":"warning","msg":"[WARNING][C:/Users/User/go/src/github.com/Etpmls/EM-CMS/src/application/model/category.go:102 =\u003e Message:  Could not find the key of cache/enable]","time":"2021-01-17T16:37:35+08:00"}
{"level":"warning","msg":"[WARNING][C:/Users/User/go/src/github.com/Etpmls/EM-CMS/src/application/model/category.go:155 =\u003e Message:  Could not find the key of cache/enable]","time":"2021-01-17T16:37:35+08:00"}
{"level":"warning","msg":"[WARNING][C:/Users/User/go/src/github.com/Etpmls/EM-CMS/src/application/service/category.go:190 =\u003e Message:  Could not find the key of cache/enable]","time":"2021-01-17T16:43:18+08:00"}
{"level":"warning","msg":"[WARNING][C:/Users/User/go/src/github.com/Etpmls/EM-CMS/src/application/model/category.go:121 =\u003e Message:  Could not find the key of cache/enable]","time":"2021-01-17T16:43:18+08:00"}
{"level":"warning","msg":"[WARNING][C:/Users/User/go/src/github.com/Etpmls/EM-CMS/src/application/model/category.go:62 =\u003e Message:  Could not find the key of cache/enable]","time":"2021-01-17T16:43:18+08:00"}
{"level":"warning","msg":"[WARNING][C:/Users/User/go/src/github.com/Etpmls/EM-CMS/src/application/model/category.go:102 =\u003e Message:  Could not find the key of cache/enable]","time":"2021-01-17T16:43:18+08:00"}
{"level":"warning","msg":"[WARNING][C:/Users/User/go/src/github.com/Etpmls/EM-CMS/src/application/model/category.go:155 =\u003e Message:  Could not find the key of cache/enable]","time":"2021-01-17T16:43:18+08:00"}
{"level":"error","msg":"[ERROR][C:/Users/User/go/src/github.com/Etpmls/EM-CMS/src/application/client/attachment.go:126 =\u003e Message: rpc error: code = Canceled desc = grpc: the client connection is closing]","time":"2021-01-17T18:01:40+08:00"}
{"level":"warning","msg":"[WARNING][C:/Users/User/go/src/github.com/Etpmls/EM-CMS/src/application/client/attachment.go:139 =\u003e Message:  rpc error: code = Canceled desc = grpc: the client connection is closing]","time":"2021-01-17T18:01:40+08:00"}
{"level":"info","msg":"[INFO][C:/Users/User/go/src/github.com/Etpmls/Etpmls-Micro/reg_func.go:166 =\u003e Message:  [Default: false] rpc error: code = Canceled desc = grpc: the client connection is closing]","time":"2021-01-17T18:01:40+08:00"}
{"level":"error","msg":"[ERROR][C:/Users/User/go/src/github.com/Etpmls/EM-CMS/src/application/client/attachment.go:126 =\u003e Message: rpc error: code = Canceled desc = grpc: the client connection is closing]","time":"2021-01-17T18:11:35+08:00"}
{"level":"warning","msg":"[WARNING][C:/Users/User/go/src/github.com/Etpmls/EM-CMS/src/application/client/attachment.go:139 =\u003e Message:  rpc error: code = Canceled desc = grpc: the client connection is closing]","time":"2021-01-17T18:11:36+08:00"}
{"level":"info","msg":"[INFO][C:/Users/User/go/src/github.com/Etpmls/Etpmls-Micro/reg_func.go:166 =\u003e Message:  [Default: false] rpc error: code = Canceled desc = grpc: the client connection is closing]","time":"2021-01-17T18:11:36+08:00"}
{"level":"info","msg":"[INFO][C:/Users/User/go/src/github.com/Etpmls/Etpmls-Micro/reg_func.go:166 =\u003e Message:  [Default: false] The category to be deleted contains sub-categories, please delete the sub-categories first, and then delete the parent category!]","time":"2021-01-17T18:27:32+08:00"}
{"level":"info","msg":"[INFO][C:/Users/User/go/src/github.com/Etpmls/Etpmls-Micro/reg_func.go:166 =\u003e Message:  [Default: false] Could not find the key of cache/enable]","time":"2021-01-17T18:27:37+08:00"}
{"level":"info","msg":"[INFO][C:/Users/User/go/src/github.com/Etpmls/Etpmls-Micro/reg_func.go:166 =\u003e Message:  [Default: false] Could not find the key of cache/enable]","time":"2021-01-17T18:27:44+08:00"}
{"level":"warning","msg":"AttachmentRpcService service not found. Error:\u003cnil\u003e","time":"2021-01-17T19:06:35+08:00"}
{"level":"error","msg":"[ERROR][C:/Users/User/go/src/github.com/Etpmls/Etpmls-Micro/client.go:27 =\u003e Message: AttachmentRpcService service not found.]","time":"2021-01-17T19:06:35+08:00"}
{"level":"warning","msg":"[WARNING][C:/Users/User/go/src/github.com/Etpmls/EM-CMS/src/application/client/attachment.go:15 =\u003e Message:  AttachmentRpcService service not found.]","time":"2021-01-17T19:06:35+08:00"}
{"level":"info","msg":"[INFO][C:/Users/User/go/src/github.com/Etpmls/Etpmls-Micro/reg_func.go:166 =\u003e Message:  [Default: false] AttachmentRpcService service not found.]","time":"2021-01-17T19:06:35+08:00"}
{"level":"warning","msg":"AttachmentRpcService service not found. Error:\u003cnil\u003e","time":"2021-01-17T19:44:11+08:00"}
{"level":"error","msg":"[ERROR][C:/Users/User/go/src/github.com/Etpmls/Etpmls-Micro/client.go:27 =\u003e Message: AttachmentRpcService service not found.]","time":"2021-01-17T19:44:11+08:00"}
{"level":"warning","msg":"[WARNING][C:/Users/User/go/src/github.com/Etpmls/EM-CMS/src/application/client/attachment.go:52 =\u003e Message:  AttachmentRpcService service not found.]","time":"2021-01-17T19:44:11+08:00"}
{"level":"info","msg":"[INFO][C:/Users/User/go/src/github.com/Etpmls/Etpmls-Micro/reg_func.go:166 =\u003e Message:  [Default: false] AttachmentRpcService service not found.]","time":"2021-01-17T19:44:11+08:00"}
{"level":"warning","msg":"[WARNING][C:/Users/User/go/src/github.com/Etpmls/Etpmls-Micro/client.go:123 =\u003e Message:  Run failed! rpc error: code = InvalidArgument desc = {\"code\":\"3\",\"status\":\"error\",\"message\":\"Create failed!\"}]","time":"2021-01-17T20:13:46+08:00"}
{"level":"info","msg":"[INFO][C:/Users/User/go/src/github.com/Etpmls/Etpmls-Micro/reg_func.go:166 =\u003e Message:  [Default: false] rpc error: code = InvalidArgument desc = {\"code\":\"3\",\"status\":\"error\",\"message\":\"Create failed!\"}]","time":"2021-01-17T20:13:46+08:00"}
{"level":"warning","msg":"[WARNING][C:/Users/User/go/src/github.com/Etpmls/Etpmls-Micro/client.go:123 =\u003e Message:  Run failed! rpc error: code = InvalidArgument desc = {\"code\":\"3\",\"status\":\"error\",\"message\":\"Create failed!\"}]","time":"2021-01-17T20:13:57+08:00"}
{"level":"info","msg":"[INFO][C:/Users/User/go/src/github.com/Etpmls/Etpmls-Micro/reg_func.go:166 =\u003e Message:  [Default: false] rpc error: code = InvalidArgument desc = {\"code\":\"3\",\"status\":\"error\",\"message\":\"Create failed!\"}]","time":"2021-01-17T20:13:57+08:00"}
{"level":"info","msg":"[INFO][C:/Users/User/go/src/github.com/Etpmls/Etpmls-Micro/reg_func.go:166 =\u003e Message:  [Default: false] ERROR: relation \"em_attachments\" does not exist (SQLSTATE 42P01)]","time":"2021-01-17T20:19:46+08:00"}
{"level":"info","msg":"[INFO][C:/Users/User/go/src/github.com/Etpmls/Etpmls-Micro/reg_func.go:166 =\u003e Message:  [Default: false] ERROR: relation \"em_attachments\" does not exist (SQLSTATE 42P01)]","time":"2021-01-17T20:19:52+08:00"}
{"level":"info","msg":"[INFO][C:/Users/User/go/src/github.com/Etpmls/Etpmls-Micro/reg_func.go:166 =\u003e Message:  [Default: false] ERROR: relation \"em_attachments\" does not exist (SQLSTATE 42P01)]","time":"2021-01-17T20:32:44+08:00"}
{"level":"info","msg":"[INFO][C:/Users/User/go/src/github.com/Etpmls/Etpmls-Micro/reg_func.go:166 =\u003e Message:  [Default: false] \u003cnil\u003e]","time":"2021-01-17T20:43:12+08:00"}
{"level":"info","msg":"[INFO][C:/Users/User/go/src/github.com/Etpmls/Etpmls-Micro/reg_func.go:166 =\u003e Message:  [Default: false] \u003cnil\u003e]","time":"2021-01-17T21:00:18+08:00"}
